<html>
<body>
<pre>
<h1>µVision Build Log</h1>
<h2>Tool Versions:</h2>
IDE-Version: µVision V5.25.2.0
Copyright (C) 2018 ARM Ltd and ARM Germany GmbH. All rights reserved.
License Information: Sijin Woo, The University of Texas at Austin, LIC=UB447-YE73A-IS33K-HRTAN-JWCZ3-LV2M1
 
Tool Versions:
Toolchain:       MDK-ARM Professional  Version: 5.25.2.0
Toolchain Path:  C:\Keil_v5\ARM\ARMCC\Bin
C Compiler:      Armcc.exe V5.06 update 6 (build 750)
Assembler:       Armasm.exe V5.06 update 6 (build 750)
Linker/Locator:  ArmLink.exe V5.06 update 6 (build 750)
Library Manager: ArmAr.exe V5.06 update 6 (build 750)
Hex Converter:   FromElf.exe V5.06 update 6 (build 750)
CPU DLL:         SARMCM3.DLL V5.25.2.0
Dialog DLL:      DCM.DLL V1.17.1.0
Target DLL:      STLink\ST-LINKIII-KEIL_SWO.dll V3.0.1.0
Dialog DLL:      TCM.DLL V1.35.1.0
 
<h2>Project:</h2>
C:\Users\Sijin\Documents\SolarCar\BPS\BeVolt\BPS-master.uvprojx
Project File Date:  09/15/2018

<h2>Output:</h2>
*** Using Compiler 'V5.06 update 6 (build 750)', folder: 'C:\Keil_v5\ARM\ARMCC\Bin'
Build target 'Target 1'
compiling main.cpp...
User\main.cpp(11): error:  #5: cannot open source input file "Contactor.h": No such file or directory
  #include "Contactor.h"
User\main.cpp: 0 warnings, 1 error
compiling Temperature.cpp...
User\Definition.h(9): warning:  #1-D: last line of file ends without a newline
   #define NUM_MODULES 31
User\Temperature.cpp(98): warning:  #1166-D: returning pointer to local variable
  	return endangeredModules;
User\Temperature.cpp: 2 warnings, 0 errors
compiling Voltage.cpp...
User\Definition.h(9): warning:  #1-D: last line of file ends without a newline
   #define NUM_MODULES 31
User\Voltage.cpp(103): warning:  #1166-D: returning pointer to local variable
  	return endangeredModules;
User\Voltage.cpp: 2 warnings, 0 errors
compiling Current.cpp...
User\Current.cpp(53): warning:  #940-D: missing return statement at end of non-void function "Current::updateMeasurements" 
  }
User\Current.cpp: 1 warning, 0 errors
compiling EEPROM.cpp...
User\EEPROM.cpp(19): error:  #20: identifier "RCC_AHB1PeriphClock_" is undefined
  	RCC_AHB1PeriphClockCmd(RCC_AHB1PeriphClock_
User\EEPROM.cpp(21): error:  #18: expected a ")"
  }
User\EEPROM.cpp(21): error:  #165: too few arguments in function call
  }
User\EEPROM.cpp(21): error:  #65: expected a ";"
  }
User\EEPROM.cpp(17): warning:  #177-D: variable "GPIO_InitStruct"  was declared but never referenced
  	GPIO_InitTypeDef GPIO_InitStruct;
User\EEPROM.cpp(40): warning:  #940-D: missing return statement at end of non-void function "EEPROM_ReadMultipleBytes" 
  }
User\EEPROM.cpp(49): warning:  #940-D: missing return statement at end of non-void function "EEPROM_ReadSingleByte" 
  }
User\EEPROM.cpp: 3 warnings, 4 errors
compiling stm32f4xx_gpio.c...
compiling stm32f4xx_i2c.c...
".\Objects\BPS-master.axf" - 5 Error(s), 8 Warning(s).

<h2>Software Packages used:</h2>

Package Vendor: ARM
                http://www.keil.com/pack/ARM.CMSIS.5.4.0.pack
                ARM.CMSIS.5.4.0
                CMSIS (Cortex Microcontroller Software Interface Standard)
   * Component: CORE Version: 5.1.2

Package Vendor: Keil
                http://www.keil.com/pack/Keil.STM32F4xx_DFP.2.13.0.pack
                Keil.STM32F4xx_DFP.2.13.0
                STMicroelectronics STM32F4 Series Device Support, Drivers and Examples
   * Component: Startup Version: 2.6.2

<h2>Collection of Component include folders:</h2>
  .\RTE\_Target_1
  C:\Keil_v5\ARM\PACK\ARM\CMSIS\5.4.0\CMSIS\Core\Include
  C:\Keil_v5\ARM\PACK\Keil\STM32F4xx_DFP\2.13.0\Drivers\CMSIS\Device\ST\STM32F4xx\Include

<h2>Collection of Component Files used:</h2>

   * Component: ARM::CMSIS:CORE:5.1.2

   * Component: Keil::Device:Startup:2.6.2
      Source file:   MDK\Device\Source\ARM\STM32F4xx_OTP.s
      Include file:  Drivers\CMSIS\Device\ST\STM32F4xx\Include\stm32f4xx.h
      Source file:   MDK\Device\Source\ARM\STM32F411xx_OPT.s
      Source file:   Drivers\CMSIS\Device\ST\STM32F4xx\Source\Templates\arm\startup_stm32f411xe.s
      Source file:   Drivers\CMSIS\Device\ST\STM32F4xx\Source\Templates\system_stm32f4xx.c
Target not created.
Build Time Elapsed:  00:00:01
</pre>
</body>
</html>
